app/intermediates/manifest_merge_blame_file/debug/manifest-merger-blame-debug-report.txt
1<?xml version="1.0" encoding="utf-8"?>
2<manifest xmlns:android="http://schemas.android.com/apk/res/android"
3    package="com.example.lab9questionmark"
4    android:versionCode="1"
5    android:versionName="1.0" >
6
7    <uses-sdk
8        android:minSdkVersion="21"
8-->src\main\AndroidManifest.xml
9        android:targetSdkVersion="32" />
9-->src\main\AndroidManifest.xml
10
11    <uses-permission android:name="android.permission.INTERNET" />
11-->src\main\AndroidManifest.xml:6:5-67
11-->src\main\AndroidManifest.xml:6:22-64
12    <uses-permission android:name="android.permission.READ_EXTERNAL_STORAGE" />
12-->src\main\AndroidManifest.xml:7:5-80
12-->src\main\AndroidManifest.xml:7:22-77
13
14    <uses-feature
14-->src\main\AndroidManifest.xml:9:5-11:36
15        android:name="android.hardware.touchscreen"
15-->src\main\AndroidManifest.xml:10:9-52
16        android:required="false" />
16-->src\main\AndroidManifest.xml:11:9-33
17    <uses-feature
17-->src\main\AndroidManifest.xml:12:5-14:35
18        android:name="android.software.leanback"
18-->src\main\AndroidManifest.xml:13:9-49
19        android:required="true" />
19-->src\main\AndroidManifest.xml:14:9-32
20
21    <application
21-->src\main\AndroidManifest.xml:16:5-59:19
22        android:allowBackup="true"
22-->src\main\AndroidManifest.xml:17:9-35
23        android:appComponentFactory="androidx.core.app.CoreComponentFactory"
23-->[androidx.core:core:1.5.0] AndroidManifest.xml:24:18-86
24        android:debuggable="true"
25        android:icon="@mipmap/ic_launcher"
25-->src\main\AndroidManifest.xml:18:9-43
26        android:label="@string/app_name"
26-->src\main\AndroidManifest.xml:19:9-41
27        android:roundIcon="@mipmap/ic_launcher_round"
27-->src\main\AndroidManifest.xml:20:9-54
28        android:supportsRtl="true"
28-->src\main\AndroidManifest.xml:21:9-35
29        android:testOnly="true"
30        android:theme="@style/Theme.Lab9Questionmark" >
30-->src\main\AndroidManifest.xml:22:9-54
31        <activity
31-->src\main\AndroidManifest.xml:23:9-25:40
32            android:name="com.example.lab9questionmark.viewExams"
32-->src\main\AndroidManifest.xml:24:13-38
33            android:exported="false" />
33-->src\main\AndroidManifest.xml:25:13-37
34        <activity
34-->src\main\AndroidManifest.xml:26:9-40:20
35            android:name="com.example.lab9questionmark.MainScreen"
35-->src\main\AndroidManifest.xml:27:13-39
36            android:banner="@drawable/app_icon_your_company"
36-->src\main\AndroidManifest.xml:28:13-61
37            android:exported="false"
37-->src\main\AndroidManifest.xml:29:13-37
38            android:icon="@drawable/app_icon_your_company"
38-->src\main\AndroidManifest.xml:30:13-59
39            android:label="@string/title_activity_main_screen"
39-->src\main\AndroidManifest.xml:31:13-63
40            android:logo="@drawable/app_icon_your_company"
40-->src\main\AndroidManifest.xml:32:13-59
41            android:screenOrientation="landscape"
41-->src\main\AndroidManifest.xml:33:13-50
42            android:theme="@style/Theme.Lab9Questionmark.NoActionBar" >
42-->src\main\AndroidManifest.xml:34:13-70
43            <intent-filter>
43-->src\main\AndroidManifest.xml:35:13-39:29
44                <action android:name="android.intent.action.MAIN" />
44-->src\main\AndroidManifest.xml:36:17-69
44-->src\main\AndroidManifest.xml:36:25-66
45
46                <category android:name="android.intent.category.LEANBACK_LAUNCHER" />
46-->src\main\AndroidManifest.xml:38:17-86
46-->src\main\AndroidManifest.xml:38:27-83
47            </intent-filter>
48        </activity>
49        <activity
49-->src\main\AndroidManifest.xml:41:9-43:40
50            android:name="com.example.lab9questionmark.DetailsActivity"
50-->src\main\AndroidManifest.xml:42:13-44
51            android:exported="false" />
51-->src\main\AndroidManifest.xml:43:13-37
52        <activity
52-->src\main\AndroidManifest.xml:44:9-46:40
53            android:name="com.example.lab9questionmark.PlaybackActivity"
53-->src\main\AndroidManifest.xml:45:13-45
54            android:exported="false" />
54-->src\main\AndroidManifest.xml:46:13-37
55        <activity
55-->src\main\AndroidManifest.xml:47:9-49:40
56            android:name="com.example.lab9questionmark.BrowseErrorActivity"
56-->src\main\AndroidManifest.xml:48:13-48
57            android:exported="false" />
57-->src\main\AndroidManifest.xml:49:13-37
58        <activity
58-->src\main\AndroidManifest.xml:50:9-58:20
59            android:name="com.example.lab9questionmark.MainActivity"
59-->src\main\AndroidManifest.xml:51:13-41
60            android:exported="true" >
60-->src\main\AndroidManifest.xml:52:13-36
61            <intent-filter>
61-->src\main\AndroidManifest.xml:53:13-57:29
62                <action android:name="android.intent.action.MAIN" />
62-->src\main\AndroidManifest.xml:36:17-69
62-->src\main\AndroidManifest.xml:36:25-66
63
64                <category android:name="android.intent.category.LAUNCHER" />
64-->src\main\AndroidManifest.xml:56:17-77
64-->src\main\AndroidManifest.xml:56:27-74
65            </intent-filter>
66        </activity>
67    </application>
68
69</manifest>